<?xml version="1.0" encoding="UTF-8"?>
<!-- Generated by org.testng.reporters.JUnitReportReporter -->
<testsuite hostname="che" failures="0" tests="1" name="testCases.TC01_LoginToBasePage" time="0.003" errors="0" timestamp="2024-09-03T00:06:54 IST" skipped="0">
  <testcase classname="testCases.TC01_LoginToBasePage" name="login" time="0.003"/>
</testsuite> <!-- testCases.TC01_LoginToBasePage -->
