<?xml version="1.0" encoding="UTF-8"?>
<!-- Generated by org.testng.reporters.JUnitReportReporter -->
<testsuite hostname="che" failures="0" tests="1" name="testCases.TC02_AddTeamMember" time="12.594" errors="0" timestamp="2024-09-01T23:09:16 IST" skipped="0">
  <testcase classname="testCases.TC02_AddTeamMember" name="addTeamMember" time="12.594"/>
</testsuite> <!-- testCases.TC02_AddTeamMember -->
